<html>
<head>
<title>TestNG:  Tests</title>
<link href="../testng.css" rel="stylesheet" type="text/css" />
<link href="../my-testng.css" rel="stylesheet" type="text/css" />

<style type="text/css">
.log { display: none;} 
.stack-trace { display: none;} 
</style>
<script type="text/javascript">
<!--
function flip(e) {
  current = e.style.display;
  if (current == 'block') {
    e.style.display = 'none';
    return 0;
  }
  else {
    e.style.display = 'block';
    return 1;
  }
}

function toggleBox(szDivId, elem, msg1, msg2)
{
  var res = -1;  if (document.getElementById) {
    res = flip(document.getElementById(szDivId));
  }
  else if (document.all) {
    // this is the way old msie versions work
    res = flip(document.all[szDivId]);
  }
  if(elem) {
    if(res == 0) elem.innerHTML = msg1; else elem.innerHTML = msg2;
  }

}

function toggleAllBoxes() {
  if (document.getElementsByTagName) {
    d = document.getElementsByTagName('div');
    for (i = 0; i < d.length; i++) {
      if (d[i].className == 'log') {
        flip(d[i]);
      }
    }
  }
}

// -->
</script>

</head>
<body>
<h2 align='center'>Tests</h2><table border='1' align="center">
<tr>
<td>Tests passed/Failed/Skipped:</td><td>17/1/0</td>
</tr><tr>
<td>Started on:</td><td>Fri Sep 05 22:14:19 TRT 2025</td>
</tr>
<tr><td>Total time:</td><td>399 seconds (399747 ms)</td>
</tr><tr>
<td>Included groups:</td><td></td>
</tr><tr>
<td>Excluded groups:</td><td></td>
</tr>
</table><p/>
<small><i>(Hover the method name to see the test class name)</i></small><p/>
<table width='100%' border='1' class='invocation-failed'>
<tr><td colspan='4' align='center'><b>FAILED TESTS</b></td></tr>
<tr><td><b>Test method</b></td>
<td><b>Attribute(s)</b></td>
<td width="30%"><b>Exception</b></td>
<td width="10%"><b>Time (seconds)</b></td>
<td><b>Instance</b></td>
</tr>
<tr>
<td title='enuygunautomation.tests.loginpage.LoginScreen.successLoginWithFacebook()'><b>successLoginWithFacebook</b><br>Test class: enuygunautomation.tests.loginpage.LoginScreen</td>
<td><div><pre>org.openqa.selenium.TimeoutException: Expected condition failed: waiting for presence of element located by: By.id: com.android.chrome:id/ack_button (tried for 30 second(s) with 500 milliseconds interval)
	at org.openqa.selenium.support.ui.WebDriverWait.timeoutException(WebDriverWait.java:84)
	at org.openqa.selenium.support.ui.FluentWait.until(FluentWait.java:228)
	at enuygunautomation.helper.WaitHelper.waitedElementUntilPresencable(WaitHelper.java:18)
	at enuygunautomation.tests.loginpage.LoginScreen.successLoginWithFacebook(LoginScreen.java:298)
	at java.base/java.util.ArrayList.forEach(ArrayList.java:1597)
Caused by: org.openqa.selenium.NoSuchElementException: An element could not be located on the page using the given search parameters.
For documentation on this error, please visit: https://www.selenium.dev/documentation/webdriver/troubleshooting/errors#no-such-element-exception
Build info: version: &apos;4.34.0&apos;, revision: &apos;707dcb4246*&apos;
System info: os.name: &apos;Mac OS X&apos;, os.arch: &apos;aarch64&apos;, os.version: &apos;15.6&apos;, java.version: &apos;22.0.1&apos;
Driver info: io.appium.java_client.android.AndroidDriver
Command: [843d9ce4-cea4-4cf3-8066-683f0cbdadb2, findElement {using=id, value=com.android.chrome:id/ack_button}]
Capabilities {appium:appActivity: com.mobilatolye.android.enu..., appium:appPackage: com.mobilatolye.android.enu..., appium:autoGrantPermissions: true, appium:automationName: UiAutomator2, appium:databaseEnabled: false, appium:desired: {appActivity: com.mobilatolye.android.enu..., appPackage: com.mobilatolye.android.enu..., autoGrantPermissions: true, automationName: UiAutomator2, noReset: false, platformName: ANDROID, platformVersion: 16, skipUnlock: true, udid: emulator-5554}, appium:deviceApiLevel: 36, appium:deviceManufacturer: Google, appium:deviceModel: sdk_gphone64_arm64, appium:deviceName: emulator-5554, appium:deviceScreenDensity: 440, appium:deviceScreenSize: 1080x2280, appium:deviceUDID: emulator-5554, appium:javascriptEnabled: true, appium:locationContextEnabled: false, appium:networkConnectionEnabled: true, appium:noReset: false, appium:pixelRatio: 2.75, appium:platformVersion: 16, appium:skipUnlock: true, appium:statBarHeight: 83, appium:takesScreenshot: true, appium:udid: emulator-5554, appium:viewportRect: {height: 2197, left: 0, top: 83, width: 1080}, appium:warnings: {}, appium:webStorageEnabled: false, platformName: ANDROID}
Session ID: 843d9ce4-cea4-4cf3-8066-683f0cbdadb2
	at org.openqa.selenium.remote.ErrorCodec.decode(ErrorCodec.java:167)
	at org.openqa.selenium.remote.codec.w3c.W3CHttpResponseCodec.decode(W3CHttpResponseCodec.java:138)
	at org.openqa.selenium.remote.codec.w3c.W3CHttpResponseCodec.decode(W3CHttpResponseCodec.java:50)
	at org.openqa.selenium.remote.HttpCommandExecutor.execute(HttpCommandExecutor.java:215)
	at io.appium.java_client.remote.AppiumCommandExecutor.execute(AppiumCommandExecutor.java:244)
	at org.openqa.selenium.remote.RemoteWebDriver.execute(RemoteWebDriver.java:544)
	at org.openqa.selenium.remote.ElementLocation$ElementFinder$2.findElement(ElementLocation.java:165)
	at org.openqa.selenium.remote.ElementLocation.findElement(ElementLocation.java:59)
	at org.openqa.selenium.remote.RemoteWebDriver.findElement(RemoteWebDriver.java:367)
	at org.openqa.selenium.remote.RemoteWebDriver.findElement(RemoteWebDriver.java:361)
	at org.openqa.selenium.support.ui.ExpectedConditions$6.apply(ExpectedConditions.java:171)
	at org.openqa.selenium.support.ui.ExpectedConditions$6.apply(ExpectedConditions.java:168)
	at org.openqa.selenium.support.ui.FluentWait.until(FluentWait.java:203)
	... 32 more
... Removed 32 stack frames</pre></div><a href='#' onClick='toggleBox("stack-trace1263927050", this, "Click to show all stack frames", "Click to hide stack frames")'>Click to show all stack frames</a>
<div class='stack-trace' id='stack-trace1263927050'><pre>org.openqa.selenium.TimeoutException: Expected condition failed: waiting for presence of element located by: By.id: com.android.chrome:id/ack_button (tried for 30 second(s) with 500 milliseconds interval)
	at org.openqa.selenium.support.ui.WebDriverWait.timeoutException(WebDriverWait.java:84)
	at org.openqa.selenium.support.ui.FluentWait.until(FluentWait.java:228)
	at enuygunautomation.helper.WaitHelper.waitedElementUntilPresencable(WaitHelper.java:18)
	at enuygunautomation.tests.loginpage.LoginScreen.successLoginWithFacebook(LoginScreen.java:298)
	at java.base/jdk.internal.reflect.DirectMethodHandleAccessor.invoke(DirectMethodHandleAccessor.java:103)
	at java.base/java.lang.reflect.Method.invoke(Method.java:580)
	at org.testng.internal.invokers.MethodInvocationHelper.invokeMethod(MethodInvocationHelper.java:141)
	at org.testng.internal.invokers.TestInvoker.invokeMethod(TestInvoker.java:687)
	at org.testng.internal.invokers.TestInvoker.invokeTestMethod(TestInvoker.java:230)
	at org.testng.internal.invokers.MethodRunner.runInSequence(MethodRunner.java:63)
	at org.testng.internal.invokers.TestInvoker$MethodInvocationAgent.invoke(TestInvoker.java:995)
	at org.testng.internal.invokers.TestInvoker.invokeTestMethods(TestInvoker.java:203)
	at org.testng.internal.invokers.TestMethodWorker.invokeTestMethods(TestMethodWorker.java:154)
	at org.testng.internal.invokers.TestMethodWorker.run(TestMethodWorker.java:134)
	at java.base/java.util.ArrayList.forEach(ArrayList.java:1597)
	at org.testng.TestRunner.privateRun(TestRunner.java:741)
	at org.testng.TestRunner.run(TestRunner.java:616)
	at org.testng.SuiteRunner.runTest(SuiteRunner.java:421)
	at org.testng.SuiteRunner.runSequentially(SuiteRunner.java:413)
	at org.testng.SuiteRunner.privateRun(SuiteRunner.java:373)
	at org.testng.SuiteRunner.run(SuiteRunner.java:312)
	at org.testng.SuiteRunnerWorker.runSuite(SuiteRunnerWorker.java:52)
	at org.testng.SuiteRunnerWorker.run(SuiteRunnerWorker.java:95)
	at org.testng.TestNG.runSuitesSequentially(TestNG.java:1274)
	at org.testng.TestNG.runSuitesLocally(TestNG.java:1208)
	at org.testng.TestNG.runSuites(TestNG.java:1112)
	at org.testng.TestNG.run(TestNG.java:1079)
	at org.apache.maven.surefire.testng.TestNGExecutor.run(TestNGExecutor.java:308)
	at org.apache.maven.surefire.testng.TestNGXmlTestSuite.execute(TestNGXmlTestSuite.java:71)
	at org.apache.maven.surefire.testng.TestNGProvider.invoke(TestNGProvider.java:113)
	at org.apache.maven.surefire.booter.ForkedBooter.runSuitesInProcess(ForkedBooter.java:385)
	at org.apache.maven.surefire.booter.ForkedBooter.execute(ForkedBooter.java:162)
	at org.apache.maven.surefire.booter.ForkedBooter.run(ForkedBooter.java:507)
	at org.apache.maven.surefire.booter.ForkedBooter.main(ForkedBooter.java:495)
Caused by: org.openqa.selenium.NoSuchElementException: An element could not be located on the page using the given search parameters.
For documentation on this error, please visit: https://www.selenium.dev/documentation/webdriver/troubleshooting/errors#no-such-element-exception
Build info: version: &apos;4.34.0&apos;, revision: &apos;707dcb4246*&apos;
System info: os.name: &apos;Mac OS X&apos;, os.arch: &apos;aarch64&apos;, os.version: &apos;15.6&apos;, java.version: &apos;22.0.1&apos;
Driver info: io.appium.java_client.android.AndroidDriver
Command: [843d9ce4-cea4-4cf3-8066-683f0cbdadb2, findElement {using=id, value=com.android.chrome:id/ack_button}]
Capabilities {appium:appActivity: com.mobilatolye.android.enu..., appium:appPackage: com.mobilatolye.android.enu..., appium:autoGrantPermissions: true, appium:automationName: UiAutomator2, appium:databaseEnabled: false, appium:desired: {appActivity: com.mobilatolye.android.enu..., appPackage: com.mobilatolye.android.enu..., autoGrantPermissions: true, automationName: UiAutomator2, noReset: false, platformName: ANDROID, platformVersion: 16, skipUnlock: true, udid: emulator-5554}, appium:deviceApiLevel: 36, appium:deviceManufacturer: Google, appium:deviceModel: sdk_gphone64_arm64, appium:deviceName: emulator-5554, appium:deviceScreenDensity: 440, appium:deviceScreenSize: 1080x2280, appium:deviceUDID: emulator-5554, appium:javascriptEnabled: true, appium:locationContextEnabled: false, appium:networkConnectionEnabled: true, appium:noReset: false, appium:pixelRatio: 2.75, appium:platformVersion: 16, appium:skipUnlock: true, appium:statBarHeight: 83, appium:takesScreenshot: true, appium:udid: emulator-5554, appium:viewportRect: {height: 2197, left: 0, top: 83, width: 1080}, appium:warnings: {}, appium:webStorageEnabled: false, platformName: ANDROID}
Session ID: 843d9ce4-cea4-4cf3-8066-683f0cbdadb2
	at java.base/jdk.internal.reflect.DirectConstructorHandleAccessor.newInstance(DirectConstructorHandleAccessor.java:62)
	at java.base/java.lang.reflect.Constructor.newInstanceWithCaller(Constructor.java:502)
	at java.base/java.lang.reflect.Constructor.newInstance(Constructor.java:486)
	at org.openqa.selenium.remote.ErrorCodec.decode(ErrorCodec.java:167)
	at org.openqa.selenium.remote.codec.w3c.W3CHttpResponseCodec.decode(W3CHttpResponseCodec.java:138)
	at org.openqa.selenium.remote.codec.w3c.W3CHttpResponseCodec.decode(W3CHttpResponseCodec.java:50)
	at org.openqa.selenium.remote.HttpCommandExecutor.execute(HttpCommandExecutor.java:215)
	at io.appium.java_client.remote.AppiumCommandExecutor.execute(AppiumCommandExecutor.java:244)
	at org.openqa.selenium.remote.RemoteWebDriver.execute(RemoteWebDriver.java:544)
	at org.openqa.selenium.remote.ElementLocation$ElementFinder$2.findElement(ElementLocation.java:165)
	at org.openqa.selenium.remote.ElementLocation.findElement(ElementLocation.java:59)
	at org.openqa.selenium.remote.RemoteWebDriver.findElement(RemoteWebDriver.java:367)
	at org.openqa.selenium.remote.RemoteWebDriver.findElement(RemoteWebDriver.java:361)
	at org.openqa.selenium.support.ui.ExpectedConditions$6.apply(ExpectedConditions.java:171)
	at org.openqa.selenium.support.ui.ExpectedConditions$6.apply(ExpectedConditions.java:168)
	at org.openqa.selenium.support.ui.FluentWait.until(FluentWait.java:203)
	... 32 more
</pre></div></td>
<td>40</td>
<td>enuygunautomation.tests.loginpage.LoginScreen@119f1f2a</td></tr>
</table><p>
<table width='100%' border='1' class='invocation-passed'>
<tr><td colspan='4' align='center'><b>PASSED TESTS</b></td></tr>
<tr><td><b>Test method</b></td>
<td><b>Attribute(s)</b></td>
<td width="30%"><b>Exception</b></td>
<td width="10%"><b>Time (seconds)</b></td>
<td><b>Instance</b></td>
</tr>
<tr>
<td title='enuygunautomation.tests.loginpage.LoginScreen.invalidEmailWarningMessage()'><b>invalidEmailWarningMessage</b><br>Test class: enuygunautomation.tests.loginpage.LoginScreen</td>
<td></td>
<td>9</td>
<td>enuygunautomation.tests.loginpage.LoginScreen@119f1f2a</td></tr>
<tr>
<td title='enuygunautomation.tests.loginpage.LoginScreen.asd()'><b>asd</b><br>Test class: enuygunautomation.tests.loginpage.LoginScreen</td>
<td></td>
<td>20</td>
<td>enuygunautomation.tests.loginpage.LoginScreen@119f1f2a</td></tr>
<tr>
<td title='enuygunautomation.tests.loginpage.LoginScreen.passwordHidderButtonFunctionControl()'><b>passwordHidderButtonFunctionControl</b><br>Test class: enuygunautomation.tests.loginpage.LoginScreen</td>
<td></td>
<td>11</td>
<td>enuygunautomation.tests.loginpage.LoginScreen@119f1f2a</td></tr>
<tr>
<td title='enuygunautomation.tests.loginpage.LoginScreen.secondPartOfLoginSceeenControl()'><b>secondPartOfLoginSceeenControl</b><br>Test class: enuygunautomation.tests.loginpage.LoginScreen</td>
<td></td>
<td>8</td>
<td>enuygunautomation.tests.loginpage.LoginScreen@119f1f2a</td></tr>
<tr>
<td title='enuygunautomation.tests.loginpage.LoginScreen.firstPartOfLoginSceeenControl()'><b>firstPartOfLoginSceeenControl</b><br>Test class: enuygunautomation.tests.loginpage.LoginScreen</td>
<td></td>
<td>9</td>
<td>enuygunautomation.tests.loginpage.LoginScreen@119f1f2a</td></tr>
<tr>
<td title='enuygunautomation.tests.welcomeslides.WellcomeSlidesScreen.wellcomeSlidesControll()'><b>wellcomeSlidesControll</b><br>Test class: enuygunautomation.tests.welcomeslides.WellcomeSlidesScreen</td>
<td></td>
<td>10</td>
<td>enuygunautomation.tests.welcomeslides.WellcomeSlidesScreen@3e2822</td></tr>
<tr>
<td title='enuygunautomation.tests.welcomeslides.WellcomeSlidesScreen.remindMeLaterButtonAction()'><b>remindMeLaterButtonAction</b><br>Test class: enuygunautomation.tests.welcomeslides.WellcomeSlidesScreen</td>
<td></td>
<td>15</td>
<td>enuygunautomation.tests.welcomeslides.WellcomeSlidesScreen@3e2822</td></tr>
<tr>
<td title='enuygunautomation.tests.loginpage.LoginScreen.successLoginWithEposta()'><b>successLoginWithEposta</b><br>Test class: enuygunautomation.tests.loginpage.LoginScreen</td>
<td></td>
<td>15</td>
<td>enuygunautomation.tests.loginpage.LoginScreen@119f1f2a</td></tr>
<tr>
<td title='enuygunautomation.tests.welcomeslides.WellcomeSlidesScreen.allowNotificationButtonAction()'><b>allowNotificationButtonAction</b><br>Test class: enuygunautomation.tests.welcomeslides.WellcomeSlidesScreen</td>
<td></td>
<td>14</td>
<td>enuygunautomation.tests.welcomeslides.WellcomeSlidesScreen@3e2822</td></tr>
<tr>
<td title='enuygunautomation.tests.loginpage.LoginScreen.thirdPartOfLoginSceeenControl()'><b>thirdPartOfLoginSceeenControl</b><br>Test class: enuygunautomation.tests.loginpage.LoginScreen</td>
<td></td>
<td>9</td>
<td>enuygunautomation.tests.loginpage.LoginScreen@119f1f2a</td></tr>
<tr>
<td title='enuygunautomation.tests.loginpage.LoginScreen.sifremiUnuttumButtonFunctionControl()'><b>sifremiUnuttumButtonFunctionControl</b><br>Test class: enuygunautomation.tests.loginpage.LoginScreen</td>
<td></td>
<td>9</td>
<td>enuygunautomation.tests.loginpage.LoginScreen@119f1f2a</td></tr>
<tr>
<td title='enuygunautomation.tests.loginpage.LoginScreen.invalidEmailAndPasswordWarnings()'><b>invalidEmailAndPasswordWarnings</b><br>Test class: enuygunautomation.tests.loginpage.LoginScreen</td>
<td></td>
<td>10</td>
<td>enuygunautomation.tests.loginpage.LoginScreen@119f1f2a</td></tr>
<tr>
<td title='enuygunautomation.tests.loginpage.LoginScreen.invalidPasswordWarningMessage()'><b>invalidPasswordWarningMessage</b><br>Test class: enuygunautomation.tests.loginpage.LoginScreen</td>
<td></td>
<td>8</td>
<td>enuygunautomation.tests.loginpage.LoginScreen@119f1f2a</td></tr>
<tr>
<td title='enuygunautomation.tests.loginpage.LoginScreen.successLoginWithGoogle()'><b>successLoginWithGoogle</b><br>Test class: enuygunautomation.tests.loginpage.LoginScreen</td>
<td></td>
<td>18</td>
<td>enuygunautomation.tests.loginpage.LoginScreen@119f1f2a</td></tr>
<tr>
<td title='enuygunautomation.tests.loginpage.LoginScreen.uyeOlmdnDevamEtButtonFunctionControl()'><b>uyeOlmdnDevamEtButtonFunctionControl</b><br>Test class: enuygunautomation.tests.loginpage.LoginScreen</td>
<td></td>
<td>12</td>
<td>enuygunautomation.tests.loginpage.LoginScreen@119f1f2a</td></tr>
<tr>
<td title='enuygunautomation.tests.loginpage.LoginScreen.emptyEmailAndPasswordWarnings()'><b>emptyEmailAndPasswordWarnings</b><br>Test class: enuygunautomation.tests.loginpage.LoginScreen</td>
<td></td>
<td>8</td>
<td>enuygunautomation.tests.loginpage.LoginScreen@119f1f2a</td></tr>
<tr>
<td title='enuygunautomation.tests.loginpage.LoginScreen.fourthPartOfLoginSceeenControl()'><b>fourthPartOfLoginSceeenControl</b><br>Test class: enuygunautomation.tests.loginpage.LoginScreen</td>
<td></td>
<td>8</td>
<td>enuygunautomation.tests.loginpage.LoginScreen@119f1f2a</td></tr>
</table><p>
</body>
</html>