<?xml version="1.0" encoding="UTF-8"?>
<!-- Generated by org.testng.reporters.JUnitXMLReporter -->
<testsuite ignored="0" hostname="machine.local" failures="1" tests="18" name="Tests" time="399.747" errors="0" timestamp="2025-09-05T22:20:59 TRT">
  <testcase classname="enuygunautomation.tests.loginpage.LoginScreen" name="firstPartOfLoginSceeenControl" time="9.883"/>
  <testcase classname="enuygunautomation.tests.loginpage.LoginScreen" name="secondPartOfLoginSceeenControl" time="8.244"/>
  <testcase classname="enuygunautomation.tests.loginpage.LoginScreen" name="thirdPartOfLoginSceeenControl" time="9.171"/>
  <testcase classname="enuygunautomation.tests.loginpage.LoginScreen" name="fourthPartOfLoginSceeenControl" time="8.161"/>
  <testcase classname="enuygunautomation.tests.loginpage.LoginScreen" name="passwordHidderButtonFunctionControl" time="11.214"/>
  <testcase classname="enuygunautomation.tests.loginpage.LoginScreen" name="uyeOlmdnDevamEtButtonFunctionControl" time="12.69"/>
  <testcase classname="enuygunautomation.tests.loginpage.LoginScreen" name="sifremiUnuttumButtonFunctionControl" time="9.145"/>
  <testcase classname="enuygunautomation.tests.loginpage.LoginScreen" name="successLoginWithEposta" time="15.676"/>
  <testcase classname="enuygunautomation.tests.loginpage.LoginScreen" name="successLoginWithFacebook" time="40.087">
    <failure type="org.openqa.selenium.TimeoutException" message="Expected condition failed: waiting for presence of element located by: By.id: com.android.chrome:id/ack_button (tried for 30 second(s) with 500 milliseconds interval)">
      <![CDATA[org.openqa.selenium.TimeoutException: Expected condition failed: waiting for presence of element located by: By.id: com.android.chrome:id/ack_button (tried for 30 second(s) with 500 milliseconds interval)
at org.openqa.selenium.support.ui.WebDriverWait.timeoutException(WebDriverWait.java:84)
at org.openqa.selenium.support.ui.FluentWait.until(FluentWait.java:228)
at enuygunautomation.helper.WaitHelper.waitedElementUntilPresencable(WaitHelper.java:18)
at enuygunautomation.tests.loginpage.LoginScreen.successLoginWithFacebook(LoginScreen.java:298)
at java.base/java.util.ArrayList.forEach(ArrayList.java:1597)
Caused by: org.openqa.selenium.NoSuchElementException: An element could not be located on the page using the given search parameters.
For documentation on this error, please visit: https://www.selenium.dev/documentation/webdriver/troubleshooting/errors#no-such-element-exception
Build info: version: '4.34.0', revision: '707dcb4246*'
System info: os.name: 'Mac OS X', os.arch: 'aarch64', os.version: '15.6', java.version: '22.0.1'
Driver info: io.appium.java_client.android.AndroidDriver
Command: [843d9ce4-cea4-4cf3-8066-683f0cbdadb2, findElement {using=id, value=com.android.chrome:id/ack_button}]
Capabilities {appium:appActivity: com.mobilatolye.android.enu..., appium:appPackage: com.mobilatolye.android.enu..., appium:autoGrantPermissions: true, appium:automationName: UiAutomator2, appium:databaseEnabled: false, appium:desired: {appActivity: com.mobilatolye.android.enu..., appPackage: com.mobilatolye.android.enu..., autoGrantPermissions: true, automationName: UiAutomator2, noReset: false, platformName: ANDROID, platformVersion: 16, skipUnlock: true, udid: emulator-5554}, appium:deviceApiLevel: 36, appium:deviceManufacturer: Google, appium:deviceModel: sdk_gphone64_arm64, appium:deviceName: emulator-5554, appium:deviceScreenDensity: 440, appium:deviceScreenSize: 1080x2280, appium:deviceUDID: emulator-5554, appium:javascriptEnabled: true, appium:locationContextEnabled: false, appium:networkConnectionEnabled: true, appium:noReset: false, appium:pixelRatio: 2.75, appium:platformVersion: 16, appium:skipUnlock: true, appium:statBarHeight: 83, appium:takesScreenshot: true, appium:udid: emulator-5554, appium:viewportRect: {height: 2197, left: 0, top: 83, width: 1080}, appium:warnings: {}, appium:webStorageEnabled: false, platformName: ANDROID}
Session ID: 843d9ce4-cea4-4cf3-8066-683f0cbdadb2
at org.openqa.selenium.remote.ErrorCodec.decode(ErrorCodec.java:167)
at org.openqa.selenium.remote.codec.w3c.W3CHttpResponseCodec.decode(W3CHttpResponseCodec.java:138)
at org.openqa.selenium.remote.codec.w3c.W3CHttpResponseCodec.decode(W3CHttpResponseCodec.java:50)
at org.openqa.selenium.remote.HttpCommandExecutor.execute(HttpCommandExecutor.java:215)
at io.appium.java_client.remote.AppiumCommandExecutor.execute(AppiumCommandExecutor.java:244)
at org.openqa.selenium.remote.RemoteWebDriver.execute(RemoteWebDriver.java:544)
at org.openqa.selenium.remote.ElementLocation$ElementFinder$2.findElement(ElementLocation.java:165)
at org.openqa.selenium.remote.ElementLocation.findElement(ElementLocation.java:59)
at org.openqa.selenium.remote.RemoteWebDriver.findElement(RemoteWebDriver.java:367)
at org.openqa.selenium.remote.RemoteWebDriver.findElement(RemoteWebDriver.java:361)
at org.openqa.selenium.support.ui.ExpectedConditions$6.apply(ExpectedConditions.java:171)
at org.openqa.selenium.support.ui.ExpectedConditions$6.apply(ExpectedConditions.java:168)
at org.openqa.selenium.support.ui.FluentWait.until(FluentWait.java:203)
... 32 more
... Removed 32 stack frames]]>
    </failure>
  </testcase> <!-- successLoginWithFacebook -->
  <testcase classname="enuygunautomation.tests.loginpage.LoginScreen" name="emptyEmailAndPasswordWarnings" time="8.703"/>
  <testcase classname="enuygunautomation.tests.loginpage.LoginScreen" name="invalidEmailWarningMessage" time="9.14"/>
  <testcase classname="enuygunautomation.tests.loginpage.LoginScreen" name="invalidPasswordWarningMessage" time="8.504"/>
  <testcase classname="enuygunautomation.tests.loginpage.LoginScreen" name="invalidEmailAndPasswordWarnings" time="10.477"/>
  <testcase classname="enuygunautomation.tests.loginpage.LoginScreen" name="asd" time="20.143"/>
  <testcase classname="enuygunautomation.tests.loginpage.LoginScreen" name="successLoginWithGoogle" time="18.047"/>
  <testcase classname="enuygunautomation.tests.welcomeslides.WellcomeSlidesScreen" name="wellcomeSlidesControll" time="10.64"/>
  <testcase classname="enuygunautomation.tests.welcomeslides.WellcomeSlidesScreen" name="allowNotificationButtonAction" time="14.145"/>
  <testcase classname="enuygunautomation.tests.welcomeslides.WellcomeSlidesScreen" name="remindMeLaterButtonAction" time="15.998"/>
</testsuite> <!-- Tests -->
